/usr/local/lib/python3.6/dist-packages/torchtext/data/field.py:150: UserWarning: Field class will be retired soon and moved to torchtext.legacy. Please see the most recent release notes for further information.
  warnings.warn('{} class will be retired soon and moved to torchtext.legacy. Please see the most recent release notes for further information.'.format(self.__class__.__name__), UserWarning)
/usr/local/lib/python3.6/dist-packages/torchtext/data/example.py:78: UserWarning: Example class will be retired soon and moved to torchtext.legacy. Please see the most recent release notes for further information.
  warnings.warn('Example class will be retired soon and moved to torchtext.legacy. Please see the most recent release notes for further information.', UserWarning)
Traceback (most recent call last):
  File "./code/multikmer_classifier.py", line 461, in <module>
    main(args)
  File "./code/multikmer_classifier.py", line 80, in main
    use_seq, use_pos, use_cont, use_rev, use_aa)
  File "/xdisk/bhurwitz/mig2020/rsgrps/bhurwitz/mattmiller899/girus/pytorch_CNN/code/utils.py", line 313, in load_reads_create_kmers_multidir
    use_rev=use_rev)
  File "/xdisk/bhurwitz/mig2020/rsgrps/bhurwitz/mattmiller899/girus/pytorch_CNN/code/utils.py", line 585, in read_fastas_from_dir_multidir
    rev_seq = str(Seq.reverse_complement(record.seq).upper())
  File "/usr/local/lib/python3.6/dist-packages/Bio/Seq.py", line 2503, in reverse_complement
    return complement(sequence)[::-1]
  File "/usr/local/lib/python3.6/dist-packages/Bio/Seq.py", line 2530, in complement
    return sequence.complement()
  File "/usr/local/lib/python3.6/dist-packages/Bio/Seq.py", line 761, in complement
    raise ValueError("Mixed RNA/DNA found")
ValueError: Mixed RNA/DNA found
